2020-06-15 17:09:07,123  WARN PreProcessEuclidean:59 There are links with stored length smaller than their Euclidean distance in this network. Thus, A* cannot guarantee to calculate the least-cost paths between two nodes.
2020-06-15 17:09:07,184  WARN PrepareForSimImpl:191 'usePersonIdForMissingVehicleId' is deprecated. It will be removed soon.
2020-06-15 17:09:07,238  WARN ObjectAttributesConverter:75 No AttributeConverter found for class java.util.HashMap. Not all attribute values can be converted.
2020-06-15 17:09:07,390  WARN QueueWithBuffer:387 Link 1 too small: enlarge storage capacity from: 1333.3333333333333 Vehicles to: 3599.712023038157 Vehicles.  This is not fatal, but modifies the traffic flow dynamics.
2020-06-15 17:09:07,392  WARN QueueWithBuffer:387 Link 20 too small: enlarge storage capacity from: 1333.3333333333333 Vehicles to: 3599.712023038157 Vehicles.  This is not fatal, but modifies the traffic flow dynamics.
2020-06-15 17:09:07,392  WARN QueueWithBuffer:387 Link 21 too small: enlarge storage capacity from: 1333.3333333333333 Vehicles to: 3599.712023038157 Vehicles.  This is not fatal, but modifies the traffic flow dynamics.
2020-06-15 17:09:07,393  WARN QueueWithBuffer:387 Link 22 too small: enlarge storage capacity from: 4666.666666666667 Vehicles to: 12598.99208063355 Vehicles.  This is not fatal, but modifies the traffic flow dynamics.
2020-06-15 17:09:07,393  WARN QueueWithBuffer:387 Link 23 too small: enlarge storage capacity from: 1333.3333333333333 Vehicles to: 3599.712023038157 Vehicles.  This is not fatal, but modifies the traffic flow dynamics.
2020-06-15 17:09:10,583  WARN ObjectAttributesConverter:75 No AttributeConverter found for class java.util.HashMap. Not all attribute values can be converted.
2020-06-15 17:09:10,610  WARN QueueWithBuffer:387 Link 1 too small: enlarge storage capacity from: 1333.3333333333333 Vehicles to: 3599.712023038157 Vehicles.  This is not fatal, but modifies the traffic flow dynamics.
2020-06-15 17:09:10,610  WARN QueueWithBuffer:387 Link 20 too small: enlarge storage capacity from: 1333.3333333333333 Vehicles to: 3599.712023038157 Vehicles.  This is not fatal, but modifies the traffic flow dynamics.
2020-06-15 17:09:10,610  WARN QueueWithBuffer:387 Link 21 too small: enlarge storage capacity from: 1333.3333333333333 Vehicles to: 3599.712023038157 Vehicles.  This is not fatal, but modifies the traffic flow dynamics.
2020-06-15 17:09:10,610  WARN QueueWithBuffer:387 Link 22 too small: enlarge storage capacity from: 4666.666666666667 Vehicles to: 12598.99208063355 Vehicles.  This is not fatal, but modifies the traffic flow dynamics.
2020-06-15 17:09:10,610  WARN QueueWithBuffer:387 Link 23 too small: enlarge storage capacity from: 1333.3333333333333 Vehicles to: 3599.712023038157 Vehicles.  This is not fatal, but modifies the traffic flow dynamics.
2020-06-15 17:09:12,909  WARN QueueWithBuffer:387 Link 1 too small: enlarge storage capacity from: 1333.3333333333333 Vehicles to: 3599.712023038157 Vehicles.  This is not fatal, but modifies the traffic flow dynamics.
2020-06-15 17:09:12,909  WARN QueueWithBuffer:390 Additional warnings of this type are suppressed.
2020-06-15 17:09:15,547  WARN ObjectAttributesConverter:75 No AttributeConverter found for class java.util.HashMap. Not all attribute values can be converted.
2020-06-15 17:09:15,617  WARN PlansCalcRouteConfigGroup:333 The first mode routing params that are explicitly defined clear the default mode routing params.  This functionality was removed for 
2020-06-15 17:09:15,617  WARN PlansCalcRouteConfigGroup:334     some weeks in the development head, after release 11.x, and before release 12.x; it is now back.  If you want to avoid this 
2020-06-15 17:09:15,617  WARN PlansCalcRouteConfigGroup:335     warning, use clearModeRoutingParams(true) in code, and "clearDefaultTeleportedModeParams"=true in xml config.
